oka00610.science.domain
1
working on data for size 64
working on data for size 128
working on data for size 256
working on data for size 512
working on data for size 1024
working on data for size 1500
working on data for size 2000
working on data for size 2048
working on data for size 2500
working on data for size 3000
working on data for size 3500
working on data for size 4000
working on data for size 4096
working on data for size 64
working on data for size 128
4096;1244977.201987058
2048;155273.26157316566
1500;62883.049622178085
2500;291029.22547608614
1024;21294.930577278137
3500;790897.4926918745
3000;497269.8342986405
64;1431.515347212553
2000;145314.9919398129
512;3811.581339687109
Traceback (most recent call last):
  File "/home/zgb585/tomography/bench_astra_fp.py", line 127, in <module>
    main(sys.argv)
  File "/home/zgb585/tomography/bench_astra_fp.py", line 116, in main
    for angles, deltarho, numrhos, phantom, filename in dg:
  File "/home/zgb585/tomography/bench_astra_fp.py", line 81, in data_generator
    angles, rhozero, deltarho, numrhos, phantom = [str for str in content[0].split(" ")]
ValueError: not enough values to unpack (expected 5, got 1)
2500;702670.3215204179
512;8029.239438474177
Traceback (most recent call last):
  File "/home/zgb585/tomography/bench_astra_bp.py", line 100, in <module>
    main(sys.argv)
  File "/home/zgb585/tomography/bench_astra_bp.py", line 90, in main
    for angles, deltarho, size, sinogram, filename in dg:
  File "/home/zgb585/tomography/bench_astra_bp.py", line 55, in data_generator
    angles, rhozero, deltarho, size, sinogram = [str for str in content[0].split(" ")]
ValueError: not enough values to unpack (expected 5, got 1)
Results for /home/zgb585/synkrotomo/futhark/backprojection.fut:
dataset data/bpinputf32rad64: 239.90μs (avg. of 10 runs; RSD: 0.04)
dataset data/bpinputf32rad128: 354.40μs (avg. of 10 runs; RSD: 0.03)
dataset data/bpinputf32rad256: 1215.20μs (avg. of 10 runs; RSD: 0.02)
dataset data/bpinputf32rad512: 7691.50μs (avg. of 10 runs; RSD: 0.00)
dataset data/bpinputf32rad1024: 50124.50μs (avg. of 10 runs; RSD: 0.09)
dataset data/bpinputf32rad1500: 146374.00μs (avg. of 10 runs; RSD: 0.05)
dataset data/bpinputf32rad2000: 341491.50μs (avg. of 10 runs; RSD: 0.00)
dataset data/bpinputf32rad2048: 366908.80μs (avg. of 10 runs; RSD: 0.00)
dataset data/bpinputf32rad2500: 673328.90μs (avg. of 10 runs; RSD: 0.00)
dataset data/bpinputf32rad3000: 1180964.20μs (avg. of 10 runs; RSD: 0.01)
dataset data/bpinputf32rad3500: 1888139.50μs (avg. of 10 runs; RSD: 0.00)
dataset data/bpinputf32rad4000: 2834948.80μs (avg. of 10 runs; RSD: 0.01)
dataset data/bpinputf32rad4096: 3075865.90μs (avg. of 10 runs; RSD: 0.01)
Results for /home/zgb585/synkrotomo/futhark/forwardprojection_transpose.fut:
dataset data/fpinputf32rad64: 213.70μs (avg. of 10 runs; RSD: 0.02)
dataset data/fpinputf32rad128: 281.30μs (avg. of 10 runs; RSD: 0.02)
dataset data/fpinputf32rad256: 852.80μs (avg. of 10 runs; RSD: 0.02)
dataset data/fpinputf32rad512: 5010.70μs (avg. of 10 runs; RSD: 0.00)
dataset data/fpinputf32rad1024: 33889.50μs (avg. of 10 runs; RSD: 0.05)
dataset data/fpinputf32rad1500: 103870.10μs (avg. of 10 runs; RSD: 0.02)
dataset data/fpinputf32rad2000: 259085.40μs (avg. of 10 runs; RSD: 0.01)
dataset data/fpinputf32rad2048: 277459.20μs (avg. of 10 runs; RSD: 0.00)
dataset data/fpinputf32rad2500: 529830.30μs (avg. of 10 runs; RSD: 0.00)
dataset data/fpinputf32rad3000: 938925.00μs (avg. of 10 runs; RSD: 0.00)
dataset data/fpinputf32rad3500: 1515035.20μs (avg. of 10 runs; RSD: 0.00)
dataset data/fpinputf32rad4000: 2246026.60μs (avg. of 10 runs; RSD: 0.00)
dataset data/fpinputf32rad4096: 2415241.40μs (avg. of 10 runs; RSD: 0.00)
Warning at /home/zgb585/synkrotomo/futhark/forwardprojection_transpose_L.fut:62:95-112:
  Unused variable `projection_indexes`.
Results for /home/zgb585/synkrotomo/futhark/forwardprojection_transpose_L.fut:
dataset data/fpinputf32rad64: 188.20μs (avg. of 10 runs; RSD: 0.04)
dataset data/fpinputf32rad128: 242.40μs (avg. of 10 runs; RSD: 0.02)
dataset data/fpinputf32rad256: 707.40μs (avg. of 10 runs; RSD: 0.02)
dataset data/fpinputf32rad512: 4120.40μs (avg. of 10 runs; RSD: 0.01)
dataset data/fpinputf32rad1024: 29779.10μs (avg. of 10 runs; RSD: 0.04)
dataset data/fpinputf32rad1500: 93396.10μs (avg. of 10 runs; RSD: 0.02)
dataset data/fpinputf32rad2000: 241111.00μs (avg. of 10 runs; RSD: 0.01)
dataset data/fpinputf32rad2048: 257791.10μs (avg. of 10 runs; RSD: 0.00)
dataset data/fpinputf32rad2500: 503028.40μs (avg. of 10 runs; RSD: 0.00)
dataset data/fpinputf32rad3000: 901575.30μs (avg. of 10 runs; RSD: 0.00)
dataset data/fpinputf32rad3500: 1466232.00μs (avg. of 10 runs; RSD: 0.00)
dataset data/fpinputf32rad4000: 2185808.60μs (avg. of 10 runs; RSD: 0.00)
dataset data/fpinputf32rad4096: 2334455.10μs (avg. of 10 runs; RSD: 0.00)
Results for /home/zgb585/synkrotomo/futhark/backprojection_transpose.fut:
dataset data/bpinputf32rad64: 346.50μs (avg. of 10 runs; RSD: 0.02)
dataset data/bpinputf32rad128: 498.30μs (avg. of 10 runs; RSD: 0.01)
dataset data/bpinputf32rad256: 1644.40μs (avg. of 10 runs; RSD: 0.01)
dataset data/bpinputf32rad512: 8133.80μs (avg. of 10 runs; RSD: 0.00)
dataset data/bpinputf32rad1024: 50225.50μs (avg. of 10 runs; RSD: 0.07)
dataset data/bpinputf32rad1500: 153097.00μs (avg. of 10 runs; RSD: 0.01)
dataset data/bpinputf32rad2000: 362806.30μs (avg. of 10 runs; RSD: 0.00)
dataset data/bpinputf32rad2048: 388421.30μs (avg. of 10 runs; RSD: 0.00)
dataset data/bpinputf32rad2500: 705011.80μs (avg. of 10 runs; RSD: 0.00)
dataset data/bpinputf32rad3000: 1227917.10μs (avg. of 10 runs; RSD: 0.00)
dataset data/bpinputf32rad3500: 1933462.90μs (avg. of 10 runs; RSD: 0.01)
dataset data/bpinputf32rad4000: 2884089.80μs (avg. of 10 runs; RSD: 0.01)
dataset data/bpinputf32rad4096: 3101789.60μs (avg. of 10 runs; RSD: 0.01)
Unstaged changes after reset:
M	futhark/forwardprojection_transpose
[transpose 7511200] Results of test for automatic plot script
 8 files changed, 108 insertions(+)
 create mode 100644 output/20190313_105517/Comparison of runtimes.png
 create mode 100644 output/20190313_105517/astra_bp.csv
 create mode 100644 output/20190313_105517/astra_fp.csv
 create mode 100644 output/20190313_105517/deviceInfo.out
 create mode 100644 output/20190313_105517/fut_bp.csv
 create mode 100644 output/20190313_105517/fut_bpT.csv
 create mode 100644 output/20190313_105517/fut_fpT.csv
 create mode 100644 output/20190313_105517/fut_fpT_L.csv
To git@github.com:tomograph/synkrotomo.git
   8f6bc17..7511200  transpose -> transpose
ok