regular fp
Compiling ./futhark/forwardprojection.fut...
Results for ./futhark/forwardprojection.fut:
dataset ../data/fpinputf32rad64:           97.60μs (avg. of 10 runs; RSD: 0.01)
dataset ../data/fpinputf32rad128:         266.80μs (avg. of 10 runs; RSD: 0.03)
dataset ../data/fpinputf32rad256:       1 841.50μs (avg. of 10 runs; RSD: 0.01)
dataset ../data/fpinputf32rad512:      14 019.80μs (avg. of 10 runs; RSD: 0.05)
dataset ../data/fpinputf32rad1024:    101 233.70μs (avg. of 10 runs; RSD: 0.01)
dataset ../data/fpinputf32rad1500:    683 257.50μs (avg. of 10 runs; RSD: 0.03)
dataset ../data/fpinputf32rad2000:  1 099 423.80μs (avg. of 10 runs; RSD: 0.07)
dataset ../data/fpinputf32rad2048:  1 554 045.30μs (avg. of 10 runs; RSD: 0.05)
dataset ../data/fpinputf32rad2500:  2 567 421.30μs (avg. of 10 runs; RSD: 0.03)
dataset ../data/fpinputf32rad3000:  4 400 824.60μs (avg. of 10 runs; RSD: 0.01)
dataset ../data/fpinputf32rad3500:  7 588 903.50μs (avg. of 10 runs; RSD: 0.01)
dataset ../data/fpinputf32rad4000: 10 402 922.30μs (avg. of 10 runs; RSD: 0.01)
dataset ../data/fpinputf32rad4096: 10 185 013.70μs (avg. of 10 runs; RSD: 0.01)


testing fp - partially sane
Compiling ./futhark/forwardprojection_test.fut...
Results for ./futhark/forwardprojection_test.fut:
dataset ../data/fpinputf32rad64:          189.70μs (avg. of 10 runs; RSD: 0.04)
dataset ../data/fpinputf32rad128:         343.20μs (avg. of 10 runs; RSD: 0.04)
dataset ../data/fpinputf32rad256:       1 711.10μs (avg. of 10 runs; RSD: 0.01)
dataset ../data/fpinputf32rad512:      11 211.80μs (avg. of 10 runs; RSD: 0.06)
dataset ../data/fpinputf32rad1024:     79 896.80μs (avg. of 10 runs; RSD: 0.02)
dataset ../data/fpinputf32rad1500:    756 811.30μs (avg. of 10 runs; RSD: 0.01)
dataset ../data/fpinputf32rad2000:  1 393 597.30μs (avg. of 10 runs; RSD: 0.12)
dataset ../data/fpinputf32rad2048:  1 986 583.90μs (avg. of 10 runs; RSD: 0.02)
dataset ../data/fpinputf32rad2500:  2 966 744.50μs (avg. of 10 runs; RSD: 0.01)
dataset ../data/fpinputf32rad3000:  4 646 957.20μs (avg. of 10 runs; RSD: 0.02)
dataset ../data/fpinputf32rad3500:  7 428 686.90μs (avg. of 10 runs; RSD: 0.01)
dataset ../data/fpinputf32rad4000:  9 478 977.90μs (avg. of 10 runs; RSD: 0.01)
dataset ../data/fpinputf32rad4096:  9 089 460.80μs (avg. of 10 runs; RSD: 0.01)
