oka00701.science.domain
2
working on data for size 10
working on data for size 15
working on data for size 20
working on data for size 25
working on data for size 30
working on data for size 35
working on data for size 40
working on data for size 45
working on data for size 50
working on data for size 55
working on data for size 60
working on data for size 65
working on data for size 70
working on data for size 75
working on data for size 80
working on data for size 85
working on data for size 90
working on data for size 95
20;1364.3627054989338
80;2400.2439342439175
45;1905.0244241952896
65;2258.1294178962708
90;2519.4686837494373
25;1389.9970799684525
35;1788.6053770780563
15;1385.5152763426304
85;2435.048669576645
30;1668.1737266480923
50;1970.9346815943718
10;1231.9240719079971
75;2336.851041764021
95;2680.0869032740593
70;2282.4845276772976
60;2005.2881911396978
55;1944.8522478342056
40;1865.8564426004887
90;5139.691289514303
15;1600.0612638890743
40;2545.185387134552
10;1351.5607453882694
25;1943.0194981396198
50;3043.6606146395206
80;4293.023981153965
55;3214.2138108611107
85;5454.612243920565
60;3065.9188516438007
70;3497.6846538484097
20;1815.2191303670406
75;3344.5592038333416
30;1839.1696736216545
35;2038.3431576192377
95;3974.894993007183
65;3082.843776792288
45;2408.4731936454773
Results for /home/zgb585/synkrotomo/futhark/backprojection.fut:
dataset data/bpsparseinputf32rad10: 1259.30μs (avg. of 10 runs; RSD: 0.01)
dataset data/bpsparseinputf32rad15: 1557.20μs (avg. of 10 runs; RSD: 0.00)
dataset data/bpsparseinputf32rad20: 1907.40μs (avg. of 10 runs; RSD: 0.00)
dataset data/bpsparseinputf32rad25: 2131.40μs (avg. of 10 runs; RSD: 0.00)
dataset data/bpsparseinputf32rad30: 2424.10μs (avg. of 10 runs; RSD: 0.00)
dataset data/bpsparseinputf32rad35: 2760.50μs (avg. of 10 runs; RSD: 0.01)
dataset data/bpsparseinputf32rad40: 3151.80μs (avg. of 10 runs; RSD: 0.01)
dataset data/bpsparseinputf32rad45: 3420.50μs (avg. of 10 runs; RSD: 0.00)
dataset data/bpsparseinputf32rad50: 3715.60μs (avg. of 10 runs; RSD: 0.01)
dataset data/bpsparseinputf32rad55: 4029.40μs (avg. of 10 runs; RSD: 0.01)
dataset data/bpsparseinputf32rad60: 4316.10μs (avg. of 10 runs; RSD: 0.01)
dataset data/bpsparseinputf32rad65: 4519.80μs (avg. of 10 runs; RSD: 0.01)
dataset data/bpsparseinputf32rad70: 4551.60μs (avg. of 10 runs; RSD: 0.01)
dataset data/bpsparseinputf32rad75: 4674.00μs (avg. of 10 runs; RSD: 0.01)
dataset data/bpsparseinputf32rad80: 4867.80μs (avg. of 10 runs; RSD: 0.01)
dataset data/bpsparseinputf32rad85: 5054.00μs (avg. of 10 runs; RSD: 0.01)
dataset data/bpsparseinputf32rad90: 5327.60μs (avg. of 10 runs; RSD: 0.01)
dataset data/bpsparseinputf32rad95: 5588.80μs (avg. of 10 runs; RSD: 0.01)
Results for /home/zgb585/synkrotomo/futhark/forwardprojection.fut:
dataset data/fpsparseinputf32rad10: 572.90μs (avg. of 10 runs; RSD: 0.00)
dataset data/fpsparseinputf32rad15: 588.00μs (avg. of 10 runs; RSD: 0.00)
dataset data/fpsparseinputf32rad20: 660.90μs (avg. of 10 runs; RSD: 0.00)
dataset data/fpsparseinputf32rad25: 762.90μs (avg. of 10 runs; RSD: 0.00)
dataset data/fpsparseinputf32rad30: 865.70μs (avg. of 10 runs; RSD: 0.00)
dataset data/fpsparseinputf32rad35: 976.00μs (avg. of 10 runs; RSD: 0.01)
dataset data/fpsparseinputf32rad40: 1367.00μs (avg. of 10 runs; RSD: 0.01)
dataset data/fpsparseinputf32rad45: 1397.30μs (avg. of 10 runs; RSD: 0.02)
dataset data/fpsparseinputf32rad50: 1491.60μs (avg. of 10 runs; RSD: 0.03)
dataset data/fpsparseinputf32rad55: 1576.80μs (avg. of 10 runs; RSD: 0.02)
dataset data/fpsparseinputf32rad60: 1654.40μs (avg. of 10 runs; RSD: 0.00)
dataset data/fpsparseinputf32rad65: 1751.10μs (avg. of 10 runs; RSD: 0.00)
dataset data/fpsparseinputf32rad70: 1759.90μs (avg. of 10 runs; RSD: 0.00)
dataset data/fpsparseinputf32rad75: 1768.70μs (avg. of 10 runs; RSD: 0.00)
dataset data/fpsparseinputf32rad80: 2114.90μs (avg. of 10 runs; RSD: 0.00)
dataset data/fpsparseinputf32rad85: 2212.90μs (avg. of 10 runs; RSD: 0.03)
dataset data/fpsparseinputf32rad90: 2307.90μs (avg. of 10 runs; RSD: 0.03)
dataset data/fpsparseinputf32rad95: 2371.90μs (avg. of 10 runs; RSD: 0.02)
Results for /home/zgb585/synkrotomo/futhark/backprojection.fut:
dataset data/bpsparseinputf32rad10: 1324.90μs (avg. of 10 runs; RSD: 0.00)
dataset data/bpsparseinputf32rad15: 1646.20μs (avg. of 10 runs; RSD: 0.00)
dataset data/bpsparseinputf32rad20: 1962.00μs (avg. of 10 runs; RSD: 0.00)
dataset data/bpsparseinputf32rad25: 2275.50μs (avg. of 10 runs; RSD: 0.00)
dataset data/bpsparseinputf32rad30: 2652.50μs (avg. of 10 runs; RSD: 0.00)
dataset data/bpsparseinputf32rad35: 2827.80μs (avg. of 10 runs; RSD: 0.01)
dataset data/bpsparseinputf32rad40: 3164.30μs (avg. of 10 runs; RSD: 0.01)
dataset data/bpsparseinputf32rad45: 3473.80μs (avg. of 10 runs; RSD: 0.01)
dataset data/bpsparseinputf32rad50: 3717.50μs (avg. of 10 runs; RSD: 0.01)
dataset data/bpsparseinputf32rad55: 4045.70μs (avg. of 10 runs; RSD: 0.01)
dataset data/bpsparseinputf32rad60: 4376.70μs (avg. of 10 runs; RSD: 0.01)
dataset data/bpsparseinputf32rad65: 4482.60μs (avg. of 10 runs; RSD: 0.01)
dataset data/bpsparseinputf32rad70: 4551.90μs (avg. of 10 runs; RSD: 0.01)
dataset data/bpsparseinputf32rad75: 4746.20μs (avg. of 10 runs; RSD: 0.01)
dataset data/bpsparseinputf32rad80: 4941.30μs (avg. of 10 runs; RSD: 0.01)
dataset data/bpsparseinputf32rad85: 5122.80μs (avg. of 10 runs; RSD: 0.01)
dataset data/bpsparseinputf32rad90: 5409.30μs (avg. of 10 runs; RSD: 0.01)
dataset data/bpsparseinputf32rad95: 5579.50μs (avg. of 10 runs; RSD: 0.01)
Results for /home/zgb585/synkrotomo/futhark/forwardprojection.fut:
dataset data/fpsparseinputf32rad10: /home/zgb585/synkrotomo/futhark/forwardprojection.fut failed with error code -8 and output:

dataset data/fpsparseinputf32rad15: /home/zgb585/synkrotomo/futhark/forwardprojection.fut failed with error code -8 and output:

dataset data/fpsparseinputf32rad20: /home/zgb585/synkrotomo/futhark/forwardprojection.fut failed with error code -8 and output:

dataset data/fpsparseinputf32rad25: /home/zgb585/synkrotomo/futhark/forwardprojection.fut failed with error code -8 and output:

dataset data/fpsparseinputf32rad30: /home/zgb585/synkrotomo/futhark/forwardprojection.fut failed with error code -8 and output:

dataset data/fpsparseinputf32rad35: /home/zgb585/synkrotomo/futhark/forwardprojection.fut failed with error code -8 and output:

dataset data/fpsparseinputf32rad40: /home/zgb585/synkrotomo/futhark/forwardprojection.fut failed with error code -8 and output:

dataset data/fpsparseinputf32rad45: /home/zgb585/synkrotomo/futhark/forwardprojection.fut failed with error code -8 and output:

dataset data/fpsparseinputf32rad50: /home/zgb585/synkrotomo/futhark/forwardprojection.fut failed with error code -8 and output:

dataset data/fpsparseinputf32rad55: /home/zgb585/synkrotomo/futhark/forwardprojection.fut failed with error code -8 and output:

dataset data/fpsparseinputf32rad60: /home/zgb585/synkrotomo/futhark/forwardprojection.fut failed with error code -8 and output:

dataset data/fpsparseinputf32rad65: /home/zgb585/synkrotomo/futhark/forwardprojection.fut failed with error code -8 and output:

dataset data/fpsparseinputf32rad70: /home/zgb585/synkrotomo/futhark/forwardprojection.fut failed with error code -8 and output:

dataset data/fpsparseinputf32rad75: /home/zgb585/synkrotomo/futhark/forwardprojection.fut failed with error code -8 and output:

dataset data/fpsparseinputf32rad80: /home/zgb585/synkrotomo/futhark/forwardprojection.fut failed with error code -8 and output:

dataset data/fpsparseinputf32rad85: /home/zgb585/synkrotomo/futhark/forwardprojection.fut failed with error code -8 and output:

dataset data/fpsparseinputf32rad90: /home/zgb585/synkrotomo/futhark/forwardprojection.fut failed with error code -8 and output:

dataset data/fpsparseinputf32rad95: /home/zgb585/synkrotomo/futhark/forwardprojection.fut failed with error code -8 and output:

[sparse 3be6870] Results of test for automatic plot script
 8 files changed, 152 insertions(+)
 create mode 100644 output/20190314_072735/Comparison of runtimes.png
 create mode 100644 output/20190314_072735/astra_bp.csv
 create mode 100644 output/20190314_072735/astra_fp.csv
 create mode 100644 output/20190314_072735/deviceInfo.out
 create mode 100644 output/20190314_072735/fut_bp.csv
 create mode 100644 output/20190314_072735/fut_bp_if.csv
 create mode 100644 output/20190314_072735/fut_fp.csv
 create mode 100644 output/20190314_072735/fut_fp_if.csv
To git@github.com:tomograph/synkrotomo.git
   7745512..3be6870  sparse -> sparse
ok